<?xml version="1.0" encoding="UTF-8"?>
<!-- Generated by org.testng.reporters.JUnitXMLReporter -->
<testsuite hostname="NODTBSL453AG" name="intertialScreen" tests="4" failures="3" timestamp="6 Apr 2015 10:34:45 GMT" time="293.956" errors="0">
  <testcase name="intertialScreen" time="0.668" classname="com.mb.wapsanity.testscripts.LoginAndRegistrationTest"/>
  <testcase name="registration" time="278.677" classname="com.mb.wapsanity.testscripts.LoginAndRegistrationTest">
    <failure type="java.lang.AssertionError" message="registrationCLick  
 Error :  null expected [true] but found [false]">
      <![CDATA[java.lang.AssertionError: registrationCLick  
 Error :  null expected [true] but found [false]
	at com.mb.wapsanity.testscripts.LoginAndRegistrationTest.registration(LoginAndRegistrationTest.java:78)
	at java.util.concurrent.FutureTask.run(Unknown Source)
	at java.util.concurrent.ThreadPoolExecutor.runWorker(Unknown Source)
	at java.util.concurrent.ThreadPoolExecutor$Worker.run(Unknown Source)
	at java.lang.Thread.run(Unknown Source)
... Removed 19 stack frames]]>
    </failure>
  </testcase> <!-- registration -->
  <testcase name="logout" time="0.171" classname="com.mb.wapsanity.testscripts.LoginAndRegistrationTest">
    <failure type="java.lang.AssertionError" message="Logout expected [true] but found [false]">
      <![CDATA[java.lang.AssertionError: Logout expected [true] but found [false]
	at com.mb.wapsanity.testscripts.LoginAndRegistrationTest.logout(LoginAndRegistrationTest.java:92)
	at java.util.concurrent.FutureTask.run(Unknown Source)
	at java.util.concurrent.ThreadPoolExecutor.runWorker(Unknown Source)
	at java.util.concurrent.ThreadPoolExecutor$Worker.run(Unknown Source)
	at java.lang.Thread.run(Unknown Source)
... Removed 19 stack frames]]>
    </failure>
  </testcase> <!-- logout -->
  <testcase name="loginCase" time="0.044" classname="com.mb.wapsanity.testscripts.LoginAndRegistrationTest">
    <failure type="java.lang.AssertionError" message="Login expected [true] but found [false]">
      <![CDATA[java.lang.AssertionError: Login expected [true] but found [false]
	at com.mb.wapsanity.testscripts.LoginAndRegistrationTest.loginCase(LoginAndRegistrationTest.java:109)
	at java.util.concurrent.FutureTask.run(Unknown Source)
	at java.util.concurrent.ThreadPoolExecutor.runWorker(Unknown Source)
	at java.util.concurrent.ThreadPoolExecutor$Worker.run(Unknown Source)
	at java.lang.Thread.run(Unknown Source)
... Removed 19 stack frames]]>
    </failure>
  </testcase> <!-- loginCase -->
</testsuite> <!-- intertialScreen -->
